=== Bazaar refresh cycle start: 2026-04-04T01:49:49-06:00 ===
<stdin>:7: DeprecationWarning: datetime.datetime.utcnow() is deprecated and scheduled for removal in a future version. Use timezone-aware objects to represent datetimes in UTC: datetime.datetime.now(datetime.UTC).
TRADIER_API_KEY missing
=== Bazaar refresh cycle start: 2026-04-04T09:19:28-06:00 ===
<stdin>:9: DeprecationWarning: datetime.datetime.utcfromtimestamp() is deprecated and scheduled for removal in a future version. Use timezone-aware objects to represent datetimes in UTC: datetime.datetime.fromtimestamp(timestamp, datetime.UTC).
<stdin>:10: DeprecationWarning: datetime.datetime.utcfromtimestamp() is deprecated and scheduled for removal in a future version. Use timezone-aware objects to represent datetimes in UTC: datetime.datetime.fromtimestamp(timestamp, datetime.UTC).
<stdin>:11: DeprecationWarning: datetime.datetime.utcnow() is deprecated and scheduled for removal in a future version. Use timezone-aware objects to represent datetimes in UTC: datetime.datetime.now(datetime.UTC).
[master 8c5ce39] Auto-refresh: 2026-04-04T15:19:28Z
 2 files changed, 9 insertions(+), 7 deletions(-)
To github.com:CatabolicSolutions/bazaar-dashboard.git
   c4c9a0e..8c5ce39  master -> master
=== Bazaar refresh cycle complete: 2026-04-04T09:19:29-06:00 ===
=== Bazaar refresh cycle start: 2026-04-04T09:49:52-06:00 ===
<stdin>:9: DeprecationWarning: datetime.datetime.utcfromtimestamp() is deprecated and scheduled for removal in a future version. Use timezone-aware objects to represent datetimes in UTC: datetime.datetime.fromtimestamp(timestamp, datetime.UTC).
<stdin>:10: DeprecationWarning: datetime.datetime.utcfromtimestamp() is deprecated and scheduled for removal in a future version. Use timezone-aware objects to represent datetimes in UTC: datetime.datetime.fromtimestamp(timestamp, datetime.UTC).
<stdin>:11: DeprecationWarning: datetime.datetime.utcnow() is deprecated and scheduled for removal in a future version. Use timezone-aware objects to represent datetimes in UTC: datetime.datetime.now(datetime.UTC).
[master c7f66a3] Auto-refresh: 2026-04-04T15:50:12Z
 2 files changed, 6 insertions(+), 6 deletions(-)
To github.com:CatabolicSolutions/bazaar-dashboard.git
   976e1e4..c7f66a3  master -> master
=== Bazaar refresh cycle complete: 2026-04-04T09:50:13-06:00 ===
=== Bazaar refresh cycle start: 2026-04-05T21:14:21-06:00 ===
<stdin>:9: DeprecationWarning: datetime.datetime.utcfromtimestamp() is deprecated and scheduled for removal in a future version. Use timezone-aware objects to represent datetimes in UTC: datetime.datetime.fromtimestamp(timestamp, datetime.UTC).
<stdin>:10: DeprecationWarning: datetime.datetime.utcfromtimestamp() is deprecated and scheduled for removal in a future version. Use timezone-aware objects to represent datetimes in UTC: datetime.datetime.fromtimestamp(timestamp, datetime.UTC).
<stdin>:11: DeprecationWarning: datetime.datetime.utcnow() is deprecated and scheduled for removal in a future version. Use timezone-aware objects to represent datetimes in UTC: datetime.datetime.now(datetime.UTC).
/home/catabolic_solutions/.openclaw/workspace/scripts/tradier_near_miss_report.py:228: DeprecationWarning: datetime.datetime.utcnow() is deprecated and scheduled for removal in a future version. Use timezone-aware objects to represent datetimes in UTC: datetime.datetime.now(datetime.UTC).
  'updatedAt': datetime.utcnow().isoformat() + 'Z',
scripts/bazaar_refresh_cycle.sh: line 93: unexpected EOF while looking for matching `"'
=== Bazaar refresh cycle start: 2026-04-05T21:15:11-06:00 ===
<stdin>:9: DeprecationWarning: datetime.datetime.utcfromtimestamp() is deprecated and scheduled for removal in a future version. Use timezone-aware objects to represent datetimes in UTC: datetime.datetime.fromtimestamp(timestamp, datetime.UTC).
<stdin>:10: DeprecationWarning: datetime.datetime.utcfromtimestamp() is deprecated and scheduled for removal in a future version. Use timezone-aware objects to represent datetimes in UTC: datetime.datetime.fromtimestamp(timestamp, datetime.UTC).
<stdin>:11: DeprecationWarning: datetime.datetime.utcnow() is deprecated and scheduled for removal in a future version. Use timezone-aware objects to represent datetimes in UTC: datetime.datetime.now(datetime.UTC).
