BAZAAR OF FORTUNES — TRADIER LEADERS BOARD
VIX: 26.85

Directional / Scalping Leaders
1. AAPL CALL | Underlying 256.64 | Strike 255.00 | Exp 2026-03-27 | 1DTE (requested 0DTE, fallback) | Δ 0.6093 | Bid/Ask 2.85/2.88 [fallback-expiry]
   Candidate ID: AAPL-2026-03-27-CALL-255
   Thesis: best near-ATM momentum leader in current pass
   Entry: only on confirmation / momentum continuation
   Invalidation: fail on momentum / hard stop discipline required
   Targets: T1 quick scale, T2 momentum extension, T3 runner only if trend persists
   Confidence: 5/10 — liquidity/structure driven, downgraded if fallback expiry
   Risk: defined-risk premium outlay; avoid size creep
   Note: No exact 0DTE expiry available; using nearest valid expiry 2026-03-27.
2. QQQ CALL | Underlying 581.05 | Strike 581.00 | Exp 2026-03-26 | 0DTE | Δ 0.5344 | Bid/Ask 1.42/1.43
   Candidate ID: QQQ-2026-03-26-CALL-581
   Thesis: best near-ATM momentum leader in current pass
   Entry: only on confirmation / momentum continuation
   Invalidation: fail on momentum / hard stop discipline required
   Targets: T1 quick scale, T2 momentum extension, T3 runner only if trend persists
   Confidence: 7/10 — liquidity/structure driven, downgraded if fallback expiry
   Risk: defined-risk premium outlay; avoid size creep
3. NVDA PUT | Underlying 174.65 | Strike 175.00 | Exp 2026-03-27 | 1DTE (requested 0DTE, fallback) | Δ -0.6288 | Bid/Ask 1.60/1.62 [fallback-expiry]
   Candidate ID: NVDA-2026-03-27-PUT-175
   Thesis: best near-ATM momentum leader in current pass
   Entry: only on confirmation / momentum continuation
   Invalidation: fail on momentum / hard stop discipline required
   Targets: T1 quick scale, T2 momentum extension, T3 runner only if trend persists
   Confidence: 5/10 — liquidity/structure driven, downgraded if fallback expiry
   Risk: defined-risk premium outlay; avoid size creep
   Note: No exact 0DTE expiry available; using nearest valid expiry 2026-03-27.
4. IWM CALL | Underlying 250.04 | Strike 248.00 | Exp 2026-03-27 | 1DTE | Δ 0.6387 | Bid/Ask 3.28/3.31
   Candidate ID: IWM-2026-03-27-CALL-248
   Thesis: best near-ATM momentum leader in current pass
   Entry: only on confirmation / momentum continuation
   Invalidation: fail on momentum / hard stop discipline required
   Targets: T1 quick scale, T2 momentum extension, T3 runner only if trend persists
   Confidence: 7/10 — liquidity/structure driven, downgraded if fallback expiry
   Risk: defined-risk premium outlay; avoid size creep
5. SPY CALL | Underlying 651.48 | Strike 652.00 | Exp 2026-03-26 | 0DTE | Δ 0.5164 | Bid/Ask 1.14/1.16
   Candidate ID: SPY-2026-03-26-CALL-652
   Thesis: best near-ATM momentum leader in current pass
   Entry: only on confirmation / momentum continuation
   Invalidation: fail on momentum / hard stop discipline required
   Targets: T1 quick scale, T2 momentum extension, T3 runner only if trend persists
   Confidence: 7/10 — liquidity/structure driven, downgraded if fallback expiry
   Risk: defined-risk premium outlay; avoid size creep

Premium / Credit Leaders
1. XSP CALL | Underlying 654.05 | Strike 665.00 | Exp 2026-03-27 | 1DTE | Δ 0.1389 | Bid/Ask 0.36/0.38
   Candidate ID: XSP-2026-03-27-CALL-665
   Thesis: best OTM premium candidate in the current delta/liquidity band
   Entry: only as a defined-risk spread, not naked premium
   Invalidation: abandon if structure requires chasing or volatility regime shifts against the setup
   Targets: T1 25-35% capture, T2 50% capture, T3 hold only if risk remains contained
   Confidence: 8/10 — clean spread/delta profile, downgraded if fallback expiry
   Risk: manage in R; premium collection is not a license to overstay
2. QQQ PUT | Underlying 581.05 | Strike 571.00 | Exp 2026-03-27 | 1DTE | Δ -0.1385 | Bid/Ask 0.53/0.54
   Candidate ID: QQQ-2026-03-27-PUT-571
   Thesis: best OTM premium candidate in the current delta/liquidity band
   Entry: only as a defined-risk spread, not naked premium
   Invalidation: abandon if structure requires chasing or volatility regime shifts against the setup
   Targets: T1 25-35% capture, T2 50% capture, T3 hold only if risk remains contained
   Confidence: 8/10 — clean spread/delta profile, downgraded if fallback expiry
   Risk: manage in R; premium collection is not a license to overstay
3. SPY CALL | Underlying 651.48 | Strike 657.00 | Exp 2026-03-26 | 0DTE | Δ 0.1416 | Bid/Ask 0.13/0.14
   Candidate ID: SPY-2026-03-26-CALL-657
   Thesis: best OTM premium candidate in the current delta/liquidity band
   Entry: only as a defined-risk spread, not naked premium
   Invalidation: abandon if structure requires chasing or volatility regime shifts against the setup
   Targets: T1 25-35% capture, T2 50% capture, T3 hold only if risk remains contained
   Confidence: 8/10 — clean spread/delta profile, downgraded if fallback expiry
   Risk: manage in R; premium collection is not a license to overstay
4. IWM PUT | Underlying 250.04 | Strike 247.00 | Exp 2026-03-26 | 0DTE | Δ -0.1382 | Bid/Ask 0.10/0.11
   Candidate ID: IWM-2026-03-26-PUT-247
   Thesis: best OTM premium candidate in the current delta/liquidity band
   Entry: only as a defined-risk spread, not naked premium
   Invalidation: abandon if structure requires chasing or volatility regime shifts against the setup
   Targets: T1 25-35% capture, T2 50% capture, T3 hold only if risk remains contained
   Confidence: 8/10 — clean spread/delta profile, downgraded if fallback expiry
   Risk: manage in R; premium collection is not a license to overstay
5. TSLA PUT | Underlying 379.44 | Strike 367.50 | Exp 2026-03-27 | 1DTE (requested 0DTE, fallback) | Δ -0.1422 | Bid/Ask 0.74/0.76 [fallback-expiry]
   Candidate ID: TSLA-2026-03-27-PUT-367.5
   Thesis: best OTM premium candidate in the current delta/liquidity band
   Entry: only as a defined-risk spread, not naked premium
   Invalidation: abandon if structure requires chasing or volatility regime shifts against the setup
   Targets: T1 25-35% capture, T2 50% capture, T3 hold only if risk remains contained
   Confidence: 6/10 — clean spread/delta profile, downgraded if fallback expiry
   Risk: manage in R; premium collection is not a license to overstay
   Note: No exact 0DTE expiry available; using nearest valid expiry 2026-03-27.

Run Notes
- Leaders emitted: 24
- Fallback-expiry leaders: 8
- Interpret fallback-expiry leaders as second-best structural representations, not literal requested-DTE matches

