DEBUG: Today's date: 2026-03-26
DEBUG: Attempting to fetch VIX quote.

--- Current VIX: 26.83 ---
DEBUG: VIX fetched successfully. Starting symbol processing loop.

--- Processing SPX ---
  Underlying price for SPX: 6539.82
Fetching option chain for SPX, requested DTE: 0 (Using Expiry: 2026-04-17, Label: 22DTE (requested 0DTE, fallback))...
  Expiry fallback in use: No exact 0DTE expiry available; using nearest valid expiry 2026-04-17.
Skipping scalping output for SPX requested 0DTE because fallback actual DTE 22 is too distant.
Skipping credit spread output for SPX requested 0DTE because fallback actual DTE 22 is too distant.
No tickets generated for this symbol/requested DTE.
Skipping duplicate expiry 2026-04-17 for SPX; already processed via a higher-priority DTE path.

--- Processing SPY ---
  Underlying price for SPY: 651.42
Fetching option chain for SPY, requested DTE: 0 (Using Expiry: 2026-03-26, Label: 0DTE)...
Applying 'scalping_buy' strategy for SPY on 2026-03-26 (Requested DTE 0, Actual DTE 0)...
 [Strategy Processor] Current VIX: 26.83. Applying strict filters.
Found 1 ranked options for scalping_buy. Formatting tickets...
Applying 'credit_spread_sell' strategy for SPY on 2026-03-26 (Requested DTE 0, Actual DTE 0)...
 [Strategy Processor] Current VIX: 26.83. Applying strict filters.
Found 1 ranked options for credit_spread_sell. Formatting tickets...
---TICKET_START---
Scalping Buy Opportunity for SPY (0DTE)**
  - Underlying Price: $651.42
  - Current VIX: 26.83
  - Type: CALL
  - Strike: $652.00
  - Expiration: 2026-03-26
  - Requested DTE: 0
  - Actual DTE: 0
  - Last Price: $1.13
  - Bid: $1.13 / Ask: $1.14
  - Delta: 0.5164
  - Spread Ratio: 0.88%

*Thesis Hint: Tight near-ATM momentum candidate with cleaner liquidity than the broad dump set.*
*Action Hint: Only engage if momentum confirms; hard risk controls still apply.*

---TICKET_DELIMITER---
Credit Spread Sell Opportunity for SPY (0DTE)**
  - Underlying Price: $651.42
  - Current VIX: 26.83
  - Type: CALL
  - Strike: $657.00
  - Expiration: 2026-03-26
  - Requested DTE: 0
  - Actual DTE: 0
  - Last Price: $0.13
  - Bid: $0.13 / Ask: $0.14
  - Delta: 0.1416
  - Spread Ratio: 7.41%

*Thesis Hint: OTM premium candidate in the target delta band with cleaner spread characteristics.*
*Action Hint: Consider only as part of a defined-risk spread, not naked premium selling.*

---TICKET_DELIMITER---
---TICKET_END---
Fetching option chain for SPY, requested DTE: 1 (Using Expiry: 2026-03-27, Label: 1DTE)...
Applying 'scalping_buy' strategy for SPY on 2026-03-27 (Requested DTE 1, Actual DTE 1)...
 [Strategy Processor] Current VIX: 26.83. Applying strict filters.
Found 1 ranked options for scalping_buy. Formatting tickets...
Applying 'credit_spread_sell' strategy for SPY on 2026-03-27 (Requested DTE 1, Actual DTE 1)...
 [Strategy Processor] Current VIX: 26.83. Applying strict filters.
Found 1 ranked options for credit_spread_sell. Formatting tickets...
---TICKET_START---
Scalping Buy Opportunity for SPY (1DTE)**
  - Underlying Price: $651.42
  - Current VIX: 26.83
  - Type: PUT
  - Strike: $656.00
  - Expiration: 2026-03-27
  - Requested DTE: 1
  - Actual DTE: 1
  - Last Price: $6.06
  - Bid: $5.93 / Ask: $6.01
  - Delta: -0.6457
  - Spread Ratio: 1.34%

*Thesis Hint: Tight near-ATM momentum candidate with cleaner liquidity than the broad dump set.*
*Action Hint: Only engage if momentum confirms; hard risk controls still apply.*

---TICKET_DELIMITER---
Credit Spread Sell Opportunity for SPY (1DTE)**
  - Underlying Price: $651.42
  - Current VIX: 26.83
  - Type: PUT
  - Strike: $641.00
  - Expiration: 2026-03-27
  - Requested DTE: 1
  - Actual DTE: 1
  - Last Price: $0.61
  - Bid: $0.60 / Ask: $0.61
  - Delta: -0.1359
  - Spread Ratio: 1.65%

*Thesis Hint: OTM premium candidate in the target delta band with cleaner spread characteristics.*
*Action Hint: Consider only as part of a defined-risk spread, not naked premium selling.*

---TICKET_DELIMITER---
---TICKET_END---

--- Processing NDX ---
  Underlying price for NDX: 23821.5
Fetching option chain for NDX, requested DTE: 0 (Using Expiry: 2026-04-17, Label: 22DTE (requested 0DTE, fallback))...
  Expiry fallback in use: No exact 0DTE expiry available; using nearest valid expiry 2026-04-17.
Skipping scalping output for NDX requested 0DTE because fallback actual DTE 22 is too distant.
Skipping credit spread output for NDX requested 0DTE because fallback actual DTE 22 is too distant.
No tickets generated for this symbol/requested DTE.
Skipping duplicate expiry 2026-04-17 for NDX; already processed via a higher-priority DTE path.

--- Processing QQQ ---
  Underlying price for QQQ: 581.04
Fetching option chain for QQQ, requested DTE: 0 (Using Expiry: 2026-03-26, Label: 0DTE)...
Applying 'scalping_buy' strategy for QQQ on 2026-03-26 (Requested DTE 0, Actual DTE 0)...
 [Strategy Processor] Current VIX: 26.83. Applying strict filters.
Found 1 ranked options for scalping_buy. Formatting tickets...
Applying 'credit_spread_sell' strategy for QQQ on 2026-03-26 (Requested DTE 0, Actual DTE 0)...
 [Strategy Processor] Current VIX: 26.83. Applying strict filters.
Found 1 ranked options for credit_spread_sell. Formatting tickets...
---TICKET_START---
Scalping Buy Opportunity for QQQ (0DTE)**
  - Underlying Price: $581.04
  - Current VIX: 26.83
  - Type: PUT
  - Strike: $581.00
  - Expiration: 2026-03-26
  - Requested DTE: 0
  - Actual DTE: 0
  - Last Price: $1.39
  - Bid: $1.38 / Ask: $1.39
  - Delta: -0.4656
  - Spread Ratio: 0.72%

*Thesis Hint: Tight near-ATM momentum candidate with cleaner liquidity than the broad dump set.*
*Action Hint: Only engage if momentum confirms; hard risk controls still apply.*

---TICKET_DELIMITER---
Credit Spread Sell Opportunity for QQQ (0DTE)**
  - Underlying Price: $581.04
  - Current VIX: 26.83
  - Type: CALL
  - Strike: $587.00
  - Expiration: 2026-03-26
  - Requested DTE: 0
  - Actual DTE: 0
  - Last Price: $0.12
  - Bid: $0.12 / Ask: $0.13
  - Delta: 0.1290
  - Spread Ratio: 8.00%

*Thesis Hint: OTM premium candidate in the target delta band with cleaner spread characteristics.*
*Action Hint: Consider only as part of a defined-risk spread, not naked premium selling.*

---TICKET_DELIMITER---
---TICKET_END---
Fetching option chain for QQQ, requested DTE: 1 (Using Expiry: 2026-03-27, Label: 1DTE)...
Applying 'scalping_buy' strategy for QQQ on 2026-03-27 (Requested DTE 1, Actual DTE 1)...
 [Strategy Processor] Current VIX: 26.83. Applying strict filters.
Found 1 ranked options for scalping_buy. Formatting tickets...
Applying 'credit_spread_sell' strategy for QQQ on 2026-03-27 (Requested DTE 1, Actual DTE 1)...
 [Strategy Processor] Current VIX: 26.83. Applying strict filters.
Found 1 ranked options for credit_spread_sell. Formatting tickets...
---TICKET_START---
Scalping Buy Opportunity for QQQ (1DTE)**
  - Underlying Price: $581.04
  - Current VIX: 26.83
  - Type: CALL
  - Strike: $578.00
  - Expiration: 2026-03-27
  - Requested DTE: 1
  - Actual DTE: 1
  - Last Price: $5.3
  - Bid: $5.22 / Ask: $5.25
  - Delta: 0.6491
  - Spread Ratio: 0.57%

*Thesis Hint: Tight near-ATM momentum candidate with cleaner liquidity than the broad dump set.*
*Action Hint: Only engage if momentum confirms; hard risk controls still apply.*

---TICKET_DELIMITER---
Credit Spread Sell Opportunity for QQQ (1DTE)**
  - Underlying Price: $581.04
  - Current VIX: 26.83
  - Type: PUT
  - Strike: $571.00
  - Expiration: 2026-03-27
  - Requested DTE: 1
  - Actual DTE: 1
  - Last Price: $0.51
  - Bid: $0.53 / Ask: $0.54
  - Delta: -0.1385
  - Spread Ratio: 1.87%

*Thesis Hint: OTM premium candidate in the target delta band with cleaner spread characteristics.*
*Action Hint: Consider only as part of a defined-risk spread, not naked premium selling.*

---TICKET_DELIMITER---
---TICKET_END---

--- Processing NVDA ---
  Underlying price for NVDA: 174.675
Fetching option chain for NVDA, requested DTE: 0 (Using Expiry: 2026-03-27, Label: 1DTE (requested 0DTE, fallback))...
  Expiry fallback in use: No exact 0DTE expiry available; using nearest valid expiry 2026-03-27.
Applying 'scalping_buy' strategy for NVDA on 2026-03-27 (Requested DTE 0, Actual DTE 1)...
 [Strategy Processor] Current VIX: 26.83. Applying strict filters.
Found 1 ranked options for scalping_buy. Formatting tickets...
Applying 'credit_spread_sell' strategy for NVDA on 2026-03-27 (Requested DTE 0, Actual DTE 1)...
 [Strategy Processor] Current VIX: 26.83. Applying strict filters.
Found 1 ranked options for credit_spread_sell. Formatting tickets...
---TICKET_START---
Scalping Buy Opportunity for NVDA (1DTE (requested 0DTE, fallback))**
  - Underlying Price: $174.68
  - Current VIX: 26.83
  - Type: PUT
  - Strike: $175.00
  - Expiration: 2026-03-27
  - Requested DTE: 0
  - Actual DTE: 1
  - Last Price: $1.6
  - Bid: $1.59 / Ask: $1.61
  - Delta: -0.6288
  - Spread Ratio: 1.25%
  - Expiry Selection Note: No exact 0DTE expiry available; using nearest valid expiry 2026-03-27.

*Thesis Hint: Tight near-ATM momentum candidate with cleaner liquidity than the broad dump set.*
*Action Hint: Only engage if momentum confirms; hard risk controls still apply.*

---TICKET_DELIMITER---
Credit Spread Sell Opportunity for NVDA (1DTE (requested 0DTE, fallback))**
  - Underlying Price: $174.68
  - Current VIX: 26.83
  - Type: CALL
  - Strike: $177.50
  - Expiration: 2026-03-27
  - Requested DTE: 0
  - Actual DTE: 1
  - Last Price: $0.45
  - Bid: $0.45 / Ask: $0.46
  - Delta: 0.1730
  - Spread Ratio: 2.20%
  - Expiry Selection Note: No exact 0DTE expiry available; using nearest valid expiry 2026-03-27.

*Thesis Hint: OTM premium candidate in the target delta band with cleaner spread characteristics.*
*Action Hint: Consider only as part of a defined-risk spread, not naked premium selling.*

---TICKET_DELIMITER---
---TICKET_END---
Skipping duplicate expiry 2026-03-27 for NVDA; already processed via a higher-priority DTE path.

--- Processing TSLA ---
  Underlying price for TSLA: 379.495
Fetching option chain for TSLA, requested DTE: 0 (Using Expiry: 2026-03-27, Label: 1DTE (requested 0DTE, fallback))...
  Expiry fallback in use: No exact 0DTE expiry available; using nearest valid expiry 2026-03-27.
Applying 'scalping_buy' strategy for TSLA on 2026-03-27 (Requested DTE 0, Actual DTE 1)...
 [Strategy Processor] Current VIX: 26.83. Applying strict filters.
Found 1 ranked options for scalping_buy. Formatting tickets...
Applying 'credit_spread_sell' strategy for TSLA on 2026-03-27 (Requested DTE 0, Actual DTE 1)...
 [Strategy Processor] Current VIX: 26.83. Applying strict filters.
Found 1 ranked options for credit_spread_sell. Formatting tickets...
---TICKET_START---
Scalping Buy Opportunity for TSLA (1DTE (requested 0DTE, fallback))**
  - Underlying Price: $379.50
  - Current VIX: 26.83
  - Type: CALL
  - Strike: $375.00
  - Expiration: 2026-03-27
  - Requested DTE: 0
  - Actual DTE: 1
  - Last Price: $6.84
  - Bid: $6.80 / Ask: $6.90
  - Delta: 0.6708
  - Spread Ratio: 1.46%
  - Expiry Selection Note: No exact 0DTE expiry available; using nearest valid expiry 2026-03-27.

*Thesis Hint: Tight near-ATM momentum candidate with cleaner liquidity than the broad dump set.*
*Action Hint: Only engage if momentum confirms; hard risk controls still apply.*

---TICKET_DELIMITER---
Credit Spread Sell Opportunity for TSLA (1DTE (requested 0DTE, fallback))**
  - Underlying Price: $379.50
  - Current VIX: 26.83
  - Type: PUT
  - Strike: $367.50
  - Expiration: 2026-03-27
  - Requested DTE: 0
  - Actual DTE: 1
  - Last Price: $0.7
  - Bid: $0.74 / Ask: $0.76
  - Delta: -0.1422
  - Spread Ratio: 2.67%
  - Expiry Selection Note: No exact 0DTE expiry available; using nearest valid expiry 2026-03-27.

*Thesis Hint: OTM premium candidate in the target delta band with cleaner spread characteristics.*
*Action Hint: Consider only as part of a defined-risk spread, not naked premium selling.*

---TICKET_DELIMITER---
---TICKET_END---
Skipping duplicate expiry 2026-03-27 for TSLA; already processed via a higher-priority DTE path.

--- Processing XSP ---
  Underlying price for XSP: 654.02
Fetching option chain for XSP, requested DTE: 0 (Using Expiry: 2026-03-26, Label: 0DTE)...
Applying 'scalping_buy' strategy for XSP on 2026-03-26 (Requested DTE 0, Actual DTE 0)...
 [Strategy Processor] Current VIX: 26.83. Applying strict filters.
Found 1 ranked options for scalping_buy. Formatting tickets...
Applying 'credit_spread_sell' strategy for XSP on 2026-03-26 (Requested DTE 0, Actual DTE 0)...
 [Strategy Processor] Current VIX: 26.83. Applying strict filters.
Found 1 ranked options for credit_spread_sell. Formatting tickets...
---TICKET_START---
Scalping Buy Opportunity for XSP (0DTE)**
  - Underlying Price: $654.02
  - Current VIX: 26.83
  - Type: CALL
  - Strike: $655.00
  - Expiration: 2026-03-26
  - Requested DTE: 0
  - Actual DTE: 0
  - Last Price: $0.92
  - Bid: $0.90 / Ask: $0.93
  - Delta: 0.4763
  - Spread Ratio: 3.28%

*Thesis Hint: Tight near-ATM momentum candidate with cleaner liquidity than the broad dump set.*
*Action Hint: Only engage if momentum confirms; hard risk controls still apply.*

---TICKET_DELIMITER---
Credit Spread Sell Opportunity for XSP (0DTE)**
  - Underlying Price: $654.02
  - Current VIX: 26.83
  - Type: PUT
  - Strike: $649.00
  - Expiration: 2026-03-26
  - Requested DTE: 0
  - Actual DTE: 0
  - Last Price: $0.18
  - Bid: $0.16 / Ask: $0.18
  - Delta: -0.1355
  - Spread Ratio: 11.76%

*Thesis Hint: OTM premium candidate in the target delta band with cleaner spread characteristics.*
*Action Hint: Consider only as part of a defined-risk spread, not naked premium selling.*

---TICKET_DELIMITER---
---TICKET_END---
Fetching option chain for XSP, requested DTE: 1 (Using Expiry: 2026-03-27, Label: 1DTE)...
Applying 'scalping_buy' strategy for XSP on 2026-03-27 (Requested DTE 1, Actual DTE 1)...
 [Strategy Processor] Current VIX: 26.83. Applying strict filters.
Found 1 ranked options for scalping_buy. Formatting tickets...
Applying 'credit_spread_sell' strategy for XSP on 2026-03-27 (Requested DTE 1, Actual DTE 1)...
 [Strategy Processor] Current VIX: 26.83. Applying strict filters.
Found 1 ranked options for credit_spread_sell. Formatting tickets...
---TICKET_START---
Scalping Buy Opportunity for XSP (1DTE)**
  - Underlying Price: $654.02
  - Current VIX: 26.83
  - Type: CALL
  - Strike: $651.00
  - Expiration: 2026-03-27
  - Requested DTE: 1
  - Actual DTE: 1
  - Last Price: $5.49
  - Bid: $5.34 / Ask: $5.41
  - Delta: 0.6621
  - Spread Ratio: 1.30%

*Thesis Hint: Tight near-ATM momentum candidate with cleaner liquidity than the broad dump set.*
*Action Hint: Only engage if momentum confirms; hard risk controls still apply.*

---TICKET_DELIMITER---
Credit Spread Sell Opportunity for XSP (1DTE)**
  - Underlying Price: $654.02
  - Current VIX: 26.83
  - Type: CALL
  - Strike: $665.00
  - Expiration: 2026-03-27
  - Requested DTE: 1
  - Actual DTE: 1
  - Last Price: $0.38
  - Bid: $0.36 / Ask: $0.38
  - Delta: 0.1389
  - Spread Ratio: 5.41%

*Thesis Hint: OTM premium candidate in the target delta band with cleaner spread characteristics.*
*Action Hint: Consider only as part of a defined-risk spread, not naked premium selling.*

---TICKET_DELIMITER---
---TICKET_END---

--- Processing IWM ---
  Underlying price for IWM: 249.985
Fetching option chain for IWM, requested DTE: 0 (Using Expiry: 2026-03-26, Label: 0DTE)...
Applying 'scalping_buy' strategy for IWM on 2026-03-26 (Requested DTE 0, Actual DTE 0)...
 [Strategy Processor] Current VIX: 26.83. Applying strict filters.
Found 1 ranked options for scalping_buy. Formatting tickets...
Applying 'credit_spread_sell' strategy for IWM on 2026-03-26 (Requested DTE 0, Actual DTE 0)...
 [Strategy Processor] Current VIX: 26.83. Applying strict filters.
Found 1 ranked options for credit_spread_sell. Formatting tickets...
---TICKET_START---
Scalping Buy Opportunity for IWM (0DTE)**
  - Underlying Price: $249.99
  - Current VIX: 26.83
  - Type: PUT
  - Strike: $250.00
  - Expiration: 2026-03-26
  - Requested DTE: 0
  - Actual DTE: 0
  - Last Price: $0.87
  - Bid: $0.86 / Ask: $0.87
  - Delta: -0.5126
  - Spread Ratio: 1.16%

*Thesis Hint: Tight near-ATM momentum candidate with cleaner liquidity than the broad dump set.*
*Action Hint: Only engage if momentum confirms; hard risk controls still apply.*

---TICKET_DELIMITER---
Credit Spread Sell Opportunity for IWM (0DTE)**
  - Underlying Price: $249.99
  - Current VIX: 26.83
  - Type: PUT
  - Strike: $247.00
  - Expiration: 2026-03-26
  - Requested DTE: 0
  - Actual DTE: 0
  - Last Price: $0.11
  - Bid: $0.10 / Ask: $0.11
  - Delta: -0.1382
  - Spread Ratio: 9.52%

*Thesis Hint: OTM premium candidate in the target delta band with cleaner spread characteristics.*
*Action Hint: Consider only as part of a defined-risk spread, not naked premium selling.*

---TICKET_DELIMITER---
---TICKET_END---
Fetching option chain for IWM, requested DTE: 1 (Using Expiry: 2026-03-27, Label: 1DTE)...
Applying 'scalping_buy' strategy for IWM on 2026-03-27 (Requested DTE 1, Actual DTE 1)...
 [Strategy Processor] Current VIX: 26.83. Applying strict filters.
Found 1 ranked options for scalping_buy. Formatting tickets...
Applying 'credit_spread_sell' strategy for IWM on 2026-03-27 (Requested DTE 1, Actual DTE 1)...
 [Strategy Processor] Current VIX: 26.83. Applying strict filters.
Found 1 ranked options for credit_spread_sell. Formatting tickets...
---TICKET_START---
Scalping Buy Opportunity for IWM (1DTE)**
  - Underlying Price: $249.99
  - Current VIX: 26.83
  - Type: CALL
  - Strike: $248.00
  - Expiration: 2026-03-27
  - Requested DTE: 1
  - Actual DTE: 1
  - Last Price: $3.34
  - Bid: $3.25 / Ask: $3.29
  - Delta: 0.6387
  - Spread Ratio: 1.22%

*Thesis Hint: Tight near-ATM momentum candidate with cleaner liquidity than the broad dump set.*
*Action Hint: Only engage if momentum confirms; hard risk controls still apply.*

---TICKET_DELIMITER---
Credit Spread Sell Opportunity for IWM (1DTE)**
  - Underlying Price: $249.99
  - Current VIX: 26.83
  - Type: CALL
  - Strike: $256.00
  - Expiration: 2026-03-27
  - Requested DTE: 1
  - Actual DTE: 1
  - Last Price: $0.29
  - Bid: $0.26 / Ask: $0.27
  - Delta: 0.1321
  - Spread Ratio: 3.77%

*Thesis Hint: OTM premium candidate in the target delta band with cleaner spread characteristics.*
*Action Hint: Consider only as part of a defined-risk spread, not naked premium selling.*

---TICKET_DELIMITER---
---TICKET_END---

--- Processing VIX ---
  Underlying price for VIX: 26.85
Fetching option chain for VIX, requested DTE: 0 (Using Expiry: 2026-04-15, Label: 20DTE (requested 0DTE, fallback))...
  Expiry fallback in use: No exact 0DTE expiry available; using nearest valid expiry 2026-04-15.
Skipping scalping output for VIX requested 0DTE because fallback actual DTE 20 is too distant.
Skipping credit spread output for VIX requested 0DTE because fallback actual DTE 20 is too distant.
No tickets generated for this symbol/requested DTE.
Skipping duplicate expiry 2026-04-15 for VIX; already processed via a higher-priority DTE path.

--- Processing AMD ---
  Underlying price for AMD: 208.7001
Fetching option chain for AMD, requested DTE: 0 (Using Expiry: 2026-03-27, Label: 1DTE (requested 0DTE, fallback))...
  Expiry fallback in use: No exact 0DTE expiry available; using nearest valid expiry 2026-03-27.
Applying 'scalping_buy' strategy for AMD on 2026-03-27 (Requested DTE 0, Actual DTE 1)...
 [Strategy Processor] Current VIX: 26.83. Applying strict filters.
Found 1 ranked options for scalping_buy. Formatting tickets...
Applying 'credit_spread_sell' strategy for AMD on 2026-03-27 (Requested DTE 0, Actual DTE 1)...
 [Strategy Processor] Current VIX: 26.83. Applying strict filters.
Found 1 ranked options for credit_spread_sell. Formatting tickets...
---TICKET_START---
Scalping Buy Opportunity for AMD (1DTE (requested 0DTE, fallback))**
  - Underlying Price: $208.70
  - Current VIX: 26.83
  - Type: CALL
  - Strike: $205.00
  - Expiration: 2026-03-27
  - Requested DTE: 0
  - Actual DTE: 1
  - Last Price: $5.2
  - Bid: $5.10 / Ask: $5.30
  - Delta: 0.6553
  - Spread Ratio: 3.85%
  - Expiry Selection Note: No exact 0DTE expiry available; using nearest valid expiry 2026-03-27.

*Thesis Hint: Tight near-ATM momentum candidate with cleaner liquidity than the broad dump set.*
*Action Hint: Only engage if momentum confirms; hard risk controls still apply.*

---TICKET_DELIMITER---
Credit Spread Sell Opportunity for AMD (1DTE (requested 0DTE, fallback))**
  - Underlying Price: $208.70
  - Current VIX: 26.83
  - Type: PUT
  - Strike: $200.00
  - Expiration: 2026-03-27
  - Requested DTE: 0
  - Actual DTE: 1
  - Last Price: $0.53
  - Bid: $0.52 / Ask: $0.54
  - Delta: -0.1588
  - Spread Ratio: 3.77%
  - Expiry Selection Note: No exact 0DTE expiry available; using nearest valid expiry 2026-03-27.

*Thesis Hint: OTM premium candidate in the target delta band with cleaner spread characteristics.*
*Action Hint: Consider only as part of a defined-risk spread, not naked premium selling.*

---TICKET_DELIMITER---
---TICKET_END---
Skipping duplicate expiry 2026-03-27 for AMD; already processed via a higher-priority DTE path.

--- Processing AAPL ---
  Underlying price for AAPL: 256.585
Fetching option chain for AAPL, requested DTE: 0 (Using Expiry: 2026-03-27, Label: 1DTE (requested 0DTE, fallback))...
  Expiry fallback in use: No exact 0DTE expiry available; using nearest valid expiry 2026-03-27.
Applying 'scalping_buy' strategy for AAPL on 2026-03-27 (Requested DTE 0, Actual DTE 1)...
 [Strategy Processor] Current VIX: 26.83. Applying strict filters.
Found 1 ranked options for scalping_buy. Formatting tickets...
Applying 'credit_spread_sell' strategy for AAPL on 2026-03-27 (Requested DTE 0, Actual DTE 1)...
 [Strategy Processor] Current VIX: 26.83. Applying strict filters.
Found 1 ranked options for credit_spread_sell. Formatting tickets...
---TICKET_START---
Scalping Buy Opportunity for AAPL (1DTE (requested 0DTE, fallback))**
  - Underlying Price: $256.58
  - Current VIX: 26.83
  - Type: CALL
  - Strike: $255.00
  - Expiration: 2026-03-27
  - Requested DTE: 0
  - Actual DTE: 1
  - Last Price: $2.83
  - Bid: $2.83 / Ask: $2.88
  - Delta: 0.6093
  - Spread Ratio: 1.75%
  - Expiry Selection Note: No exact 0DTE expiry available; using nearest valid expiry 2026-03-27.

*Thesis Hint: Tight near-ATM momentum candidate with cleaner liquidity than the broad dump set.*
*Action Hint: Only engage if momentum confirms; hard risk controls still apply.*

---TICKET_DELIMITER---
Credit Spread Sell Opportunity for AAPL (1DTE (requested 0DTE, fallback))**
  - Underlying Price: $256.58
  - Current VIX: 26.83
  - Type: PUT
  - Strike: $250.00
  - Expiration: 2026-03-27
  - Requested DTE: 0
  - Actual DTE: 1
  - Last Price: $0.28
  - Bid: $0.27 / Ask: $0.28
  - Delta: -0.1251
  - Spread Ratio: 3.64%
  - Expiry Selection Note: No exact 0DTE expiry available; using nearest valid expiry 2026-03-27.

*Thesis Hint: OTM premium candidate in the target delta band with cleaner spread characteristics.*
*Action Hint: Consider only as part of a defined-risk spread, not naked premium selling.*

---TICKET_DELIMITER---
---TICKET_END---
Skipping duplicate expiry 2026-03-27 for AAPL; already processed via a higher-priority DTE path.

Tradier options processing complete.
